Connecting to database specified by database.yml
Translating routes (default locale: pt-BR)
Compiled jquery.js  (5ms)  (pid 6400)
Compiled jquery_ujs.js  (0ms)  (pid 6400)
Compiled jquery-ui.js  (4ms)  (pid 6400)
Compiled bootstrap-transition.js  (0ms)  (pid 6400)
Compiled bootstrap-alert.js  (0ms)  (pid 6400)
Compiled bootstrap-button.js  (0ms)  (pid 6400)
Compiled bootstrap-carousel.js  (0ms)  (pid 6400)
Compiled bootstrap-collapse.js  (0ms)  (pid 6400)
Compiled bootstrap-dropdown.js  (0ms)  (pid 6400)
Compiled bootstrap-modal.js  (0ms)  (pid 6400)
Compiled bootstrap-scrollspy.js  (0ms)  (pid 6400)
Compiled bootstrap-tab.js  (1ms)  (pid 6400)
Compiled bootstrap-tooltip.js  (0ms)  (pid 6400)
Compiled bootstrap-popover.js  (1ms)  (pid 6400)
Compiled bootstrap-typeahead.js  (1ms)  (pid 6400)
Compiled bootstrap.js  (3304ms)  (pid 6400)
Compiled application.js  (3969ms)  (pid 6400)
Compiled ajaxful_rating.css  (0ms)  (pid 6400)
Compiled custom.css  (2657ms)  (pid 6400)
Compiled application.css  (2764ms)  (pid 6400)
Connecting to database specified by database.yml
Translating routes (default locale: pt-BR)
Compiled jquery.js  (3ms)  (pid 6624)
Compiled jquery_ujs.js  (1ms)  (pid 6624)
Compiled jquery-ui.js  (3ms)  (pid 6624)
Compiled bootstrap-transition.js  (1ms)  (pid 6624)
Compiled bootstrap-alert.js  (1ms)  (pid 6624)
Compiled bootstrap-button.js  (0ms)  (pid 6624)
Compiled bootstrap-carousel.js  (0ms)  (pid 6624)
Compiled bootstrap-collapse.js  (0ms)  (pid 6624)
Compiled bootstrap-dropdown.js  (0ms)  (pid 6624)
Compiled bootstrap-modal.js  (0ms)  (pid 6624)
Compiled bootstrap-scrollspy.js  (0ms)  (pid 6624)
Compiled bootstrap-tab.js  (0ms)  (pid 6624)
Compiled bootstrap-tooltip.js  (0ms)  (pid 6624)
Compiled bootstrap-popover.js  (0ms)  (pid 6624)
Compiled bootstrap-typeahead.js  (0ms)  (pid 6624)
Compiled bootstrap.js  (971ms)  (pid 6624)
Compiled application.js  (1198ms)  (pid 6624)
Compiled ajaxful_rating.css  (0ms)  (pid 6624)
Compiled custom.css  (1911ms)  (pid 6624)
Compiled application.css  (1993ms)  (pid 6624)
Connecting to database specified by database.yml
Translating routes (default locale: pt-BR)
Compiled jquery.js  (3ms)  (pid 904)
Compiled jquery_ujs.js  (1ms)  (pid 904)
Compiled jquery-ui.js  (5ms)  (pid 904)
Compiled bootstrap-transition.js  (0ms)  (pid 904)
Compiled bootstrap-alert.js  (38ms)  (pid 904)
Compiled bootstrap-button.js  (1ms)  (pid 904)
Compiled bootstrap-carousel.js  (3ms)  (pid 904)
Compiled bootstrap-collapse.js  (0ms)  (pid 904)
Compiled bootstrap-dropdown.js  (0ms)  (pid 904)
Compiled bootstrap-modal.js  (0ms)  (pid 904)
Compiled bootstrap-scrollspy.js  (0ms)  (pid 904)
Compiled bootstrap-tab.js  (3ms)  (pid 904)
Compiled bootstrap-tooltip.js  (1ms)  (pid 904)
Compiled bootstrap-popover.js  (0ms)  (pid 904)
Compiled bootstrap-typeahead.js  (0ms)  (pid 904)
Compiled bootstrap.js  (1868ms)  (pid 904)
Compiled application.js  (3270ms)  (pid 904)
Compiled ajaxful_rating.css  (1ms)  (pid 904)
Compiled custom.css  (5645ms)  (pid 904)
Compiled application.css  (5734ms)  (pid 904)
Connecting to database specified by database.yml
Translating routes (default locale: pt-BR)
Compiled jquery.js  (9ms)  (pid 6488)
Compiled jquery_ujs.js  (0ms)  (pid 6488)
Compiled jquery-ui.js  (5ms)  (pid 6488)
Compiled bootstrap-transition.js  (3ms)  (pid 6488)
Compiled bootstrap-alert.js  (0ms)  (pid 6488)
Compiled bootstrap-button.js  (2ms)  (pid 6488)
Compiled bootstrap-carousel.js  (0ms)  (pid 6488)
Compiled bootstrap-collapse.js  (0ms)  (pid 6488)
Compiled bootstrap-dropdown.js  (2ms)  (pid 6488)
Compiled bootstrap-modal.js  (0ms)  (pid 6488)
Compiled bootstrap-scrollspy.js  (2ms)  (pid 6488)
Compiled bootstrap-tab.js  (1ms)  (pid 6488)
Compiled bootstrap-tooltip.js  (1ms)  (pid 6488)
Compiled bootstrap-popover.js  (0ms)  (pid 6488)
Compiled bootstrap-typeahead.js  (0ms)  (pid 6488)
Compiled bootstrap.js  (1347ms)  (pid 6488)
Compiled application.js  (2036ms)  (pid 6488)
Compiled ajaxful_rating.css  (3ms)  (pid 6488)
Compiled custom.css  (3964ms)  (pid 6488)
Compiled application.css  (4169ms)  (pid 6488)
